TN:
SF:src/app.ts
FN:25,(anonymous_1)
FN:35,init
FN:40,close
FNF:3
FNH:2
FNDA:1,(anonymous_1)
FNDA:10,init
FNDA:0,close
DA:1,10
DA:2,10
DA:3,10
DA:4,10
DA:6,10
DA:8,10
DA:10,10
DA:11,10
DA:21,10
DA:22,10
DA:25,1
DA:35,10
DA:36,10
DA:37,10
DA:40,10
DA:41,0
DA:44,10
LF:17
LH:16
BRF:0
BRH:0
end_of_record
TN:
SF:src/server.ts
FN:5,(anonymous_6)
FN:6,(anonymous_7)
FNF:2
FNH:0
FNDA:0,(anonymous_6)
FNDA:0,(anonymous_7)
DA:1,0
DA:3,0
DA:5,0
DA:6,0
DA:8,0
LF:5
LH:0
BRDA:3,0,0,0
BRDA:3,0,1,0
BRF:2
BRH:0
end_of_record
TN:
SF:src/config/database.ts
FN:4,connectDb
FN:8,disconnectDB
FNF:2
FNH:1
FNDA:10,connectDb
FNDA:0,disconnectDB
DA:1,13
DA:4,13
DA:5,10
DA:8,13
DA:9,0
LF:5
LH:4
BRF:0
BRH:0
end_of_record
TN:
SF:src/config/envs.ts
FN:4,loadEnv
FNF:1
FNH:1
FNDA:23,loadEnv
DA:1,13
DA:2,13
DA:4,13
DA:6,23
DA:12,23
DA:13,23
LF:6
LH:6
BRDA:6,0,0,23
BRDA:6,0,1,0
BRDA:8,1,0,0
BRDA:8,1,1,0
BRF:4
BRH:1
end_of_record
TN:
SF:src/config/index.ts
FNF:0
FNH:0
DA:1,13
DA:2,13
LF:2
LH:2
BRF:0
BRH:0
end_of_record
TN:
SF:src/controllers/authentication-controller.ts
FN:5,singInPost
FNF:1
FNH:1
FNDA:5,singInPost
DA:2,10
DA:3,10
DA:5,10
DA:6,5
DA:8,5
DA:9,5
DA:11,3
DA:13,2
LF:8
LH:8
BRF:0
BRH:0
end_of_record
TN:
SF:src/controllers/enrollments-controller.ts
FN:6,getEnrollmentByUser
FN:18,postCreateOrUpdateEnrollment
FN:31,getAddressFromCEP
FNF:3
FNH:3
FNDA:2,getEnrollmentByUser
FNDA:2,postCreateOrUpdateEnrollment
FNDA:2,getAddressFromCEP
DA:2,10
DA:4,10
DA:6,10
DA:7,2
DA:9,2
DA:10,2
DA:12,1
DA:14,1
DA:18,10
DA:19,2
DA:20,2
DA:25,2
DA:27,0
DA:31,10
DA:32,2
DA:34,2
DA:35,2
DA:36,1
DA:38,1
DA:39,1
LF:20
LH:19
BRDA:38,0,0,1
BRF:1
BRH:1
end_of_record
TN:
SF:src/controllers/events-controller.ts
FN:5,getDefaultEvent
FNF:1
FNH:1
FNDA:2,getDefaultEvent
DA:2,10
DA:3,10
DA:5,10
DA:6,2
DA:7,2
DA:8,1
DA:10,1
LF:7
LH:7
BRF:0
BRH:0
end_of_record
TN:
SF:src/controllers/hotel-controller.ts
FN:6,getHotels
FN:24,getHotelRooms
FNF:2
FNH:2
FNDA:2,getHotels
FNDA:3,getHotelRooms
DA:2,10
DA:4,10
DA:6,10
DA:7,2
DA:8,2
DA:10,2
DA:11,1
DA:14,1
DA:16,0
DA:17,0
DA:20,0
DA:24,10
DA:25,3
DA:27,3
DA:29,3
DA:30,3
DA:32,2
DA:34,1
DA:35,1
DA:38,0
LF:20
LH:16
BRDA:10,0,0,1
BRDA:16,1,0,0
BRDA:34,2,0,1
BRF:3
BRH:2
end_of_record
TN:
SF:src/controllers/index.ts
FNF:0
FNH:0
DA:1,10
DA:2,10
DA:3,10
DA:4,10
DA:5,10
DA:6,10
LF:6
LH:6
BRF:0
BRH:0
end_of_record
TN:
SF:src/controllers/payments-controller.ts
FN:6,getPaymentByTicketId
FN:31,createPayment
FNF:2
FNH:2
FNDA:4,getPaymentByTicketId
FNDA:7,createPayment
DA:2,10
DA:4,10
DA:6,10
DA:7,4
DA:9,4
DA:10,4
DA:12,4
DA:13,1
DA:16,3
DA:18,1
DA:19,0
DA:22,1
DA:24,2
DA:25,1
DA:27,1
DA:31,10
DA:32,7
DA:34,7
DA:35,7
DA:37,7
DA:38,2
DA:41,5
DA:43,3
DA:44,0
DA:47,3
DA:57,3
DA:59,2
DA:60,1
DA:62,1
DA:63,1
DA:65,0
LF:31
LH:28
BRDA:12,0,0,1
BRDA:18,1,0,0
BRDA:24,2,0,1
BRDA:37,3,0,2
BRDA:37,4,0,7
BRDA:37,4,1,6
BRDA:43,5,0,0
BRDA:59,6,0,1
BRDA:62,7,0,1
BRF:9
BRH:7
end_of_record
TN:
SF:src/controllers/tickets-controller.ts
FN:6,getTicketTypes
FN:16,getTickets
FN:28,createTickets
FNF:3
FNH:3
FNDA:2,getTicketTypes
FNDA:3,getTickets
FNDA:4,createTickets
DA:2,10
DA:4,10
DA:6,10
DA:7,2
DA:8,2
DA:10,2
DA:12,0
DA:16,10
DA:17,3
DA:19,3
DA:20,3
DA:22,1
DA:24,2
DA:28,10
DA:29,4
DA:30,4
DA:32,4
DA:33,1
DA:36,3
DA:37,3
DA:39,2
DA:41,1
DA:42,0
DA:44,1
LF:24
LH:22
BRDA:32,0,0,1
BRDA:41,1,0,0
BRF:2
BRH:1
end_of_record
TN:
SF:src/controllers/users-controller.ts
FN:5,usersPost
FNF:1
FNH:1
FNDA:6,usersPost
DA:2,10
DA:3,10
DA:5,10
DA:6,6
DA:8,6
DA:9,6
DA:10,3
DA:15,3
DA:16,1
DA:18,2
LF:10
LH:10
BRDA:15,0,0,1
BRF:1
BRH:1
end_of_record
TN:
SF:src/errors/cannot-enroll-before-start-date-error.ts
FN:3,cannotEnrollBeforeStartDateError
FNF:1
FNH:1
FNDA:2,cannotEnrollBeforeStartDateError
DA:3,10
DA:4,2
LF:2
LH:2
BRF:0
BRH:0
end_of_record
TN:
SF:src/errors/conflict-error.ts
FN:3,conflictError
FNF:1
FNH:0
FNDA:0,conflictError
DA:3,10
DA:4,0
LF:2
LH:1
BRF:0
BRH:0
end_of_record
TN:
SF:src/errors/index.ts
FNF:0
FNH:0
DA:1,10
DA:2,10
DA:3,10
DA:4,10
DA:5,10
DA:6,10
DA:7,10
DA:8,10
LF:8
LH:8
BRF:0
BRH:0
end_of_record
TN:
SF:src/errors/invalid-data-error.ts
FN:3,invalidDataError
FNF:1
FNH:1
FNDA:8,invalidDataError
DA:3,10
DA:4,8
LF:2
LH:2
BRF:0
BRH:0
end_of_record
TN:
SF:src/errors/invalid-email-error.ts
FN:3,invalidEmailError
FNF:1
FNH:0
FNDA:0,invalidEmailError
DA:3,10
DA:4,0
LF:2
LH:1
BRF:0
BRH:0
end_of_record
TN:
SF:src/errors/not-found-error.ts
FN:3,notFoundError
FNF:1
FNH:1
FNDA:9,notFoundError
DA:3,10
DA:4,9
LF:2
LH:2
BRF:0
BRH:0
end_of_record
TN:
SF:src/errors/payment-required-error.ts
FN:3,paymentRequiredError
FNF:1
FNH:0
FNDA:0,paymentRequiredError
DA:3,10
DA:4,0
LF:2
LH:1
BRF:0
BRH:0
end_of_record
TN:
SF:src/errors/request-error.ts
FN:3,requestError
FNF:1
FNH:1
FNDA:1,requestError
DA:3,10
DA:4,1
LF:2
LH:2
BRF:0
BRH:0
end_of_record
TN:
SF:src/errors/unauthorized-error.ts
FN:3,unauthorizedError
FNF:1
FNH:1
FNDA:28,unauthorizedError
DA:3,10
DA:4,28
LF:2
LH:2
BRF:0
BRH:0
end_of_record
TN:
SF:src/middlewares/authentication-middleware.ts
FN:8,authenticateToken
FN:33,generateUnauthorizedResponse
FNF:2
FNH:2
FNDA:69,authenticateToken
FNDA:26,generateUnauthorizedResponse
DA:2,10
DA:3,10
DA:5,10
DA:6,10
DA:8,10
DA:9,69
DA:10,69
DA:12,61
DA:13,61
DA:15,61
DA:16,61
DA:18,52
DA:23,52
DA:25,43
DA:27,43
DA:29,9
DA:34,26
LF:17
LH:17
BRDA:10,0,0,8
BRDA:13,1,0,0
BRDA:23,2,0,9
BRF:3
BRH:2
end_of_record
TN:
SF:src/middlewares/error-handling-middleware.ts
FN:5,handleApplicationErrors
FNF:1
FNH:0
FNDA:0,handleApplicationErrors
DA:2,10
DA:5,10
DA:11,0
DA:12,0
DA:17,0
DA:18,0
DA:23,0
DA:24,0
DA:29,0
DA:30,0
DA:35,0
DA:36,0
DA:42,0
DA:43,0
LF:14
LH:2
BRDA:11,0,0,0
BRDA:17,1,0,0
BRDA:17,2,0,0
BRDA:17,2,1,0
BRDA:23,3,0,0
BRDA:29,4,0,0
BRDA:35,5,0,0
BRF:7
BRH:0
end_of_record
TN:
SF:src/middlewares/hotels-authorization-middleware.ts
FN:7,hotelsAuthorization
FNF:1
FNH:1
FNDA:16,hotelsAuthorization
DA:2,10
DA:3,10
DA:4,10
DA:7,10
DA:8,16
DA:10,16
DA:11,16
DA:13,16
DA:14,2
DA:17,14
DA:19,14
DA:20,2
DA:22,12
DA:23,6
DA:26,6
DA:28,0
LF:16
LH:15
BRDA:13,0,0,2
BRDA:19,1,0,2
BRDA:22,2,0,6
BRDA:22,3,0,12
BRDA:22,3,1,8
BRDA:22,3,2,8
BRF:6
BRH:6
end_of_record
TN:
SF:src/middlewares/index.ts
FNF:0
FNH:0
DA:1,10
DA:2,10
DA:3,10
DA:4,10
LF:4
LH:4
BRF:0
BRH:0
end_of_record
TN:
SF:src/middlewares/validation-middleware.ts
FN:6,validateBody
FN:10,validateParams
FN:14,validate
FN:15,(anonymous_4)
FN:23,(anonymous_5)
FNF:5
FNH:5
FNDA:30,validateBody
FNDA:10,validateParams
FNDA:40,validate
FNDA:24,(anonymous_4)
FNDA:24,(anonymous_5)
DA:2,10
DA:4,10
DA:6,10
DA:7,30
DA:10,10
DA:11,10
DA:15,40
DA:16,24
DA:20,24
DA:21,16
DA:23,24
LF:11
LH:11
BRDA:20,0,0,16
BRDA:20,0,1,8
BRF:2
BRH:2
end_of_record
TN:
SF:src/repositories/address-repository/index.ts
FN:4,upsert
FNF:1
FNH:1
FNDA:2,upsert
DA:2,10
DA:5,2
DA:20,10
DA:24,10
LF:4
LH:4
BRF:0
BRH:0
end_of_record
TN:
SF:src/repositories/enrollment-repository/index.ts
FN:4,findWithAddressByUserId
FN:13,upsert
FN:27,findByEnrollmentId
FNF:3
FNH:3
FNDA:24,findWithAddressByUserId
FNDA:2,upsert
FNDA:6,findByEnrollmentId
DA:2,10
DA:5,24
DA:18,2
DA:28,6
DA:38,10
DA:44,10
LF:6
LH:6
BRF:0
BRH:0
end_of_record
TN:
SF:src/repositories/event-repository/index.ts
FN:3,findFirst
FNF:1
FNH:1
FNDA:11,findFirst
DA:1,10
DA:4,11
DA:7,10
DA:11,10
LF:4
LH:4
BRF:0
BRH:0
end_of_record
TN:
SF:src/repositories/hotel-repository/index.ts
FN:3,findHotels
FN:7,findHotelWithRooms
FNF:2
FNH:2
FNDA:2,findHotels
FNDA:3,findHotelWithRooms
DA:1,10
DA:4,2
DA:8,3
DA:18,10
DA:23,10
LF:5
LH:5
BRF:0
BRH:0
end_of_record
TN:
SF:src/repositories/payments-repository/index.ts
FN:4,findPaymentByTicketId
FN:12,createPayment
FNF:2
FNH:2
FNDA:1,findPaymentByTicketId
FNDA:3,createPayment
DA:2,10
DA:5,1
DA:13,3
DA:23,10
DA:28,10
LF:5
LH:5
BRF:0
BRH:0
end_of_record
TN:
SF:src/repositories/session-repository/index.ts
FN:4,create
FNF:1
FNH:1
FNDA:5,create
DA:2,10
DA:5,5
DA:10,10
DA:14,10
LF:4
LH:4
BRF:0
BRH:0
end_of_record
TN:
SF:src/repositories/ticket-repository/index.ts
FN:4,findTicketTypes
FN:8,findTicketByEnrollmentId
FN:19,createTicket
FN:27,findTicketById
FN:38,findTicketByIdWithType
FN:49,updatePayment
FNF:6
FNH:6
FNDA:2,findTicketTypes
FNDA:20,findTicketByEnrollmentId
FNDA:2,createTicket
FNDA:3,findTicketById
FNDA:5,findTicketByIdWithType
FNDA:3,updatePayment
DA:1,10
DA:2,10
DA:5,2
DA:9,20
DA:20,2
DA:28,3
DA:39,5
DA:50,3
DA:62,10
DA:71,10
LF:10
LH:10
BRF:0
BRH:0
end_of_record
TN:
SF:src/repositories/user-repository/index.ts
FN:4,findByEmail
FN:18,create
FNF:2
FNH:2
FNDA:16,findByEmail
FNDA:5,create
DA:2,10
DA:5,16
DA:11,16
DA:12,9
DA:15,16
DA:19,5
DA:24,10
DA:29,10
LF:8
LH:8
BRDA:11,0,0,9
BRF:1
BRH:1
end_of_record
TN:
SF:src/routers/authentication-router.ts
FNF:0
FNH:0
DA:1,10
DA:2,10
DA:3,10
DA:4,10
DA:6,10
DA:8,10
DA:10,10
LF:7
LH:7
BRF:0
BRH:0
end_of_record
TN:
SF:src/routers/enrollments-router.ts
FNF:0
FNH:0
DA:1,10
DA:2,10
DA:3,10
DA:4,10
DA:6,10
DA:8,10
DA:14,10
LF:7
LH:7
BRF:0
BRH:0
end_of_record
TN:
SF:src/routers/events-router.ts
FNF:0
FNH:0
DA:1,10
DA:2,10
DA:4,10
DA:6,10
DA:8,10
LF:5
LH:5
BRF:0
BRH:0
end_of_record
TN:
SF:src/routers/hotels-router.ts
FNF:0
FNH:0
DA:1,10
DA:2,10
DA:3,10
DA:4,10
DA:6,10
DA:8,10
DA:13,10
LF:7
LH:7
BRF:0
BRH:0
end_of_record
TN:
SF:src/routers/index.ts
FNF:0
FNH:0
DA:1,10
DA:2,10
DA:3,10
DA:4,10
DA:5,10
DA:6,10
DA:7,10
LF:7
LH:7
BRF:0
BRH:0
end_of_record
TN:
SF:src/routers/payments-router.ts
FNF:0
FNH:0
DA:1,10
DA:2,10
DA:3,10
DA:5,10
DA:7,10
DA:9,10
LF:6
LH:6
BRF:0
BRH:0
end_of_record
TN:
SF:src/routers/tickets-router.ts
FNF:0
FNH:0
DA:1,10
DA:2,10
DA:3,10
DA:5,10
DA:7,10
DA:9,10
LF:6
LH:6
BRF:0
BRH:0
end_of_record
TN:
SF:src/routers/users-router.ts
FNF:0
FNH:0
DA:1,10
DA:3,10
DA:4,10
DA:5,10
DA:7,10
DA:9,10
DA:11,10
LF:7
LH:7
BRF:0
BRH:0
end_of_record
TN:
SF:src/schemas/authentication-schemas.ts
FNF:0
FNH:0
DA:1,13
DA:4,13
LF:2
LH:2
BRF:0
BRH:0
end_of_record
TN:
SF:src/schemas/enrollments-schemas.ts
FN:23,(anonymous_1)
FN:30,joiCpfValidation
FN:40,JoiCepValidation
FN:50,joiMobilePhoneValidation
FNF:4
FNH:4
FNDA:351,(anonymous_1)
FNDA:29,joiCpfValidation
FNDA:19,JoiCepValidation
FNDA:23,joiMobilePhoneValidation
DA:1,13
DA:2,13
DA:5,13
DA:7,13
DA:9,13
DA:11,13
DA:23,351
DA:31,29
DA:33,29
DA:34,1
DA:37,28
DA:41,19
DA:43,19
DA:44,1
DA:47,18
DA:51,23
DA:53,23
DA:54,0
DA:57,23
LF:19
LH:18
BRDA:31,0,0,0
BRDA:33,1,0,1
BRDA:41,2,0,0
BRDA:43,3,0,1
BRDA:51,4,0,0
BRDA:53,5,0,0
BRF:6
BRH:2
end_of_record
TN:
SF:src/schemas/hotel-params-schema.ts
FNF:0
FNH:0
DA:1,13
DA:4,13
LF:2
LH:2
BRF:0
BRH:0
end_of_record
TN:
SF:src/schemas/index.ts
FNF:0
FNH:0
DA:1,13
DA:2,13
DA:3,13
DA:4,13
LF:4
LH:4
BRF:0
BRH:0
end_of_record
TN:
SF:src/schemas/tickets-schemas.ts
FNF:0
FNH:0
DA:1,0
DA:4,0
LF:2
LH:0
BRF:0
BRH:0
end_of_record
TN:
SF:src/schemas/users-schemas.ts
FNF:0
FNH:0
DA:1,13
DA:4,13
LF:2
LH:2
BRF:0
BRH:0
end_of_record
TN:
SF:src/services/index.ts
FNF:0
FNH:0
DA:1,0
DA:2,0
DA:3,0
DA:4,0
DA:5,0
LF:5
LH:0
BRF:0
BRH:0
end_of_record
TN:
SF:src/services/authentication-service/errors.ts
FN:3,invalidCredentialsError
FNF:1
FNH:1
FNDA:6,invalidCredentialsError
DA:3,10
DA:4,6
LF:2
LH:2
BRF:0
BRH:0
end_of_record
TN:
SF:src/services/authentication-service/index.ts
FN:9,signIn
FN:24,getUserOrFail
FN:31,createSession
FN:41,validatePasswordOrFail
FNF:4
FNH:4
FNDA:9,signIn
FNDA:9,getUserOrFail
FNDA:5,createSession
FNDA:7,validatePasswordOrFail
DA:2,10
DA:3,10
DA:4,10
DA:5,10
DA:6,10
DA:7,10
DA:10,9
DA:12,9
DA:14,7
DA:16,5
DA:18,5
DA:25,9
DA:26,9
DA:28,7
DA:32,5
DA:33,5
DA:38,5
DA:42,7
DA:43,7
DA:55,10
DA:59,10
DA:60,10
LF:22
LH:22
BRDA:26,0,0,2
BRDA:43,1,0,2
BRF:2
BRH:2
end_of_record
TN:
SF:src/services/enrollments-service/index.ts
FN:9,getAddressFromCEP
FN:29,getOneWithAddressByUserId
FN:45,getFirstAddress
FN:53,createOrUpdateEnrollmentWithAddress
FN:68,getAddressForUpsert
FNF:5
FNH:5
FNDA:4,getAddressFromCEP
FNDA:2,getOneWithAddressByUserId
FNDA:1,getFirstAddress
FNDA:2,createOrUpdateEnrollmentWithAddress
FNDA:2,getAddressForUpsert
DA:2,10
DA:3,10
DA:4,10
DA:5,10
DA:6,10
DA:10,4
DA:12,4
DA:13,1
DA:16,3
DA:18,3
DA:26,3
DA:30,2
DA:32,2
DA:34,1
DA:35,1
DA:37,1
DA:46,1
DA:48,1
DA:54,2
DA:55,2
DA:57,2
DA:58,2
DA:60,0
DA:63,2
DA:65,2
DA:69,2
DA:79,10
DA:85,10
LF:28
LH:27
BRDA:12,0,0,1
BRDA:12,1,0,4
BRDA:12,1,1,3
BRDA:32,2,0,1
BRDA:39,3,0,1
BRDA:39,3,1,1
BRDA:46,4,0,0
BRDA:71,5,0,2
BRDA:71,5,1,2
BRF:9
BRH:8
end_of_record
TN:
SF:src/services/events-service/index.ts
FN:7,getFirstEvent
FN:16,isCurrentEventActive
FNF:2
FNH:2
FNDA:2,getFirstEvent
FNDA:9,isCurrentEventActive
DA:2,10
DA:3,10
DA:4,10
DA:5,10
DA:8,2
DA:9,2
DA:11,1
DA:17,9
DA:18,9
DA:20,8
DA:21,8
DA:22,8
DA:24,8
DA:27,10
DA:32,10
LF:15
LH:15
BRDA:9,0,0,1
BRDA:18,1,0,1
BRDA:24,2,0,8
BRDA:24,2,1,7
BRF:4
BRH:4
end_of_record
TN:
SF:src/services/hotel-service/index.ts
FN:4,getHotelsByUserId
FN:14,getHotelsAndHisRooms
FNF:2
FNH:2
FNDA:2,getHotelsByUserId
FNDA:3,getHotelsAndHisRooms
DA:1,10
DA:2,10
DA:5,2
DA:7,2
DA:8,0
DA:11,2
DA:15,3
DA:17,3
DA:18,1
DA:21,2
DA:24,10
DA:29,10
LF:12
LH:11
BRDA:7,0,0,0
BRDA:17,1,0,1
BRF:2
BRH:1
end_of_record
TN:
SF:src/services/payments-service/index.ts
FN:6,getPaymentByTicketId
FN:28,createPayment
FNF:2
FNH:2
FNDA:3,getPaymentByTicketId
FNDA:5,createPayment
DA:1,10
DA:2,10
DA:3,10
DA:4,10
DA:7,3
DA:9,3
DA:10,1
DA:13,2
DA:15,2
DA:16,1
DA:19,1
DA:21,1
DA:22,0
DA:25,1
DA:29,5
DA:31,5
DA:32,1
DA:35,4
DA:37,4
DA:38,1
DA:41,3
DA:42,3
DA:48,3
DA:50,3
DA:52,3
DA:63,10
DA:68,10
LF:27
LH:26
BRDA:9,0,0,1
BRDA:15,1,0,1
BRDA:21,2,0,0
BRDA:31,3,0,1
BRDA:37,4,0,1
BRF:5
BRH:4
end_of_record
TN:
SF:src/services/tickets-service/index.ts
FN:6,getTicketTypes
FN:16,getTicketsByUserId
FN:32,createTickets
FNF:3
FNH:3
FNDA:2,getTicketTypes
FNDA:3,getTicketsByUserId
FNDA:3,createTickets
DA:1,10
DA:2,10
DA:3,10
DA:4,10
DA:7,2
DA:9,2
DA:10,0
DA:13,2
DA:17,3
DA:19,3
DA:20,1
DA:23,2
DA:25,2
DA:26,1
DA:29,1
DA:33,3
DA:35,3
DA:36,1
DA:39,2
DA:41,2
DA:42,0
DA:45,2
DA:51,2
DA:53,2
DA:55,2
DA:58,10
DA:64,10
LF:27
LH:25
BRDA:9,0,0,0
BRDA:19,1,0,1
BRDA:25,2,0,1
BRDA:35,3,0,1
BRDA:41,4,0,0
BRF:5
BRH:3
end_of_record
TN:
SF:src/services/users-service/errors.ts
FN:3,duplicatedEmailError
FNF:1
FNH:1
FNDA:4,duplicatedEmailError
DA:3,10
DA:4,4
LF:2
LH:2
BRF:0
BRH:0
end_of_record
TN:
SF:src/services/users-service/index.ts
FN:8,createUser
FN:20,validateUniqueEmailOrFail
FN:27,canEnrollOrFail
FNF:3
FNH:3
FNDA:9,createUser
FNDA:7,validateUniqueEmailOrFail
FNDA:9,canEnrollOrFail
DA:2,10
DA:3,10
DA:4,10
DA:5,10
DA:6,10
DA:8,10
DA:9,9
DA:11,7
DA:13,5
DA:14,5
DA:21,7
DA:22,7
DA:23,2
DA:28,9
DA:29,9
DA:30,2
DA:36,10
DA:40,10
DA:41,10
LF:19
LH:19
BRDA:22,0,0,2
BRDA:29,1,0,2
BRF:2
BRH:2
end_of_record
TN:
SF:src/utils/prisma-utils.ts
FN:1,exclude
FNF:1
FNH:1
FNDA:12,exclude
DA:1,10
DA:2,12
DA:3,12
DA:4,18
DA:6,12
LF:5
LH:5
BRF:0
BRH:0
end_of_record
TN:
SF:src/utils/request.ts
FN:4,get
FNF:1
FNH:1
FNDA:4,get
DA:1,10
DA:2,10
DA:5,4
DA:6,4
DA:7,3
DA:9,1
DA:11,1
DA:15,10
LF:8
LH:8
BRF:0
BRH:0
end_of_record
